[04:24:09] [Server thread/INFO]: Starting minecraft server version 1.15.2
[04:24:09] [Server thread/INFO]: Loading properties
[04:24:09] [Server thread/INFO]: This server is running CraftBukkit version git-Spigot-a99063f-be6aaf0 (MC: 1.15.2) (Implementing API version 1.15.2-R0.1-SNAPSHOT)
[04:24:10] [Server thread/INFO]: Using 4 threads for Netty based IO
[04:24:10] [Server thread/INFO]: Server Ping Player Sample Count: 12
[04:24:10] [Server thread/INFO]: Debug logging is disabled
[04:24:10] [Server thread/INFO]: Default game type: SURVIVAL
[04:24:10] [Server thread/INFO]: Generating keypair
[04:24:10] [Server thread/INFO]: Starting Minecraft server on *:25565
[04:24:10] [Server thread/INFO]: Using epoll channel type
[04:24:10] [Server thread/WARN]: Initializing Legacy Material Support. Unless you have legacy plugins and/or data this is a bug!
[04:24:13] [Server thread/WARN]: Legacy plugin SheepWars v1.0.0 does not specify an api-version.
[04:24:13] [Server thread/INFO]: [SheepWars] Loading SheepWars v1.0.0
[04:24:13] [Server thread/ERROR]: [SheepWars]IS LOADED

[04:24:13] [Server thread/INFO]: Preparing level "world"
[04:24:14] [Server thread/INFO]: Reloading ResourceManager: Default, bukkit
[04:24:14] [Server thread/INFO]: Loaded 6 recipes
[04:24:15] [Server thread/INFO]: -------- World Settings For [world] --------
[04:24:15] [Server thread/INFO]: Entity Activation Range: An 32 / Mo 32 / Ra 48 / Mi 16 / Tiv true
[04:24:15] [Server thread/INFO]: Entity Tracking Range: Pl 48 / An 48 / Mo 48 / Mi 32 / Other 64
[04:24:15] [Server thread/INFO]: Hopper Transfer: 8 Hopper Check: 1 Hopper Amount: 1
[04:24:15] [Server thread/INFO]: Custom Map Seeds:  Village: 10387312 Desert: 14357617 Igloo: 14357618 Jungle: 14357619 Swamp: 14357620 Monument: 10387313 Ocean: 14357621 Shipwreck: 165745295 End City: 10387313 Slime: 987234911
[04:24:15] [Server thread/INFO]: Max TNT Explosions: 100
[04:24:15] [Server thread/INFO]: Tile Max Tick Time: 50ms Entity max Tick Time: 50ms
[04:24:15] [Server thread/INFO]: Experience Merge Radius: 3.0
[04:24:15] [Server thread/INFO]: Mob Spawn Range: 6
[04:24:15] [Server thread/INFO]: Cactus Growth Modifier: 100%
[04:24:15] [Server thread/INFO]: Cane Growth Modifier: 100%
[04:24:15] [Server thread/INFO]: Melon Growth Modifier: 100%
[04:24:15] [Server thread/INFO]: Mushroom Growth Modifier: 100%
[04:24:15] [Server thread/INFO]: Pumpkin Growth Modifier: 100%
[04:24:15] [Server thread/INFO]: Sapling Growth Modifier: 100%
[04:24:15] [Server thread/INFO]: Beetroot Growth Modifier: 100%
[04:24:15] [Server thread/INFO]: Carrot Growth Modifier: 100%
[04:24:15] [Server thread/INFO]: Potato Growth Modifier: 100%
[04:24:15] [Server thread/INFO]: Wheat Growth Modifier: 100%
[04:24:15] [Server thread/INFO]: NetherWart Growth Modifier: 100%
[04:24:15] [Server thread/INFO]: Vine Growth Modifier: 100%
[04:24:15] [Server thread/INFO]: Cocoa Growth Modifier: 100%
[04:24:15] [Server thread/INFO]: Bamboo Growth Modifier: 100%
[04:24:15] [Server thread/INFO]: SweetBerry Growth Modifier: 100%
[04:24:15] [Server thread/INFO]: Kelp Growth Modifier: 100%
[04:24:15] [Server thread/INFO]: View Distance: 10
[04:24:15] [Server thread/INFO]: Allow Zombie Pigmen to spawn from portal blocks: true
[04:24:15] [Server thread/INFO]: Item Despawn Rate: 6000
[04:24:15] [Server thread/INFO]: Item Merge Radius: 2.5
[04:24:15] [Server thread/INFO]: Arrow Despawn Rate: 1200 Trident Respawn Rate:1200
[04:24:15] [Server thread/INFO]: Zombie Aggressive Towards Villager: true
[04:24:15] [Server thread/INFO]: Nerfing mobs spawned from spawners: false
[04:24:15] [Server thread/INFO]: -------- World Settings For [world_nether] --------
[04:24:15] [Server thread/INFO]: Entity Activation Range: An 32 / Mo 32 / Ra 48 / Mi 16 / Tiv true
[04:24:15] [Server thread/INFO]: Entity Tracking Range: Pl 48 / An 48 / Mo 48 / Mi 32 / Other 64
[04:24:15] [Server thread/INFO]: Hopper Transfer: 8 Hopper Check: 1 Hopper Amount: 1
[04:24:15] [Server thread/INFO]: Custom Map Seeds:  Village: 10387312 Desert: 14357617 Igloo: 14357618 Jungle: 14357619 Swamp: 14357620 Monument: 10387313 Ocean: 14357621 Shipwreck: 165745295 End City: 10387313 Slime: 987234911
[04:24:15] [Server thread/INFO]: Max TNT Explosions: 100
[04:24:15] [Server thread/INFO]: Tile Max Tick Time: 50ms Entity max Tick Time: 50ms
[04:24:15] [Server thread/INFO]: Experience Merge Radius: 3.0
[04:24:15] [Server thread/INFO]: Mob Spawn Range: 6
[04:24:15] [Server thread/INFO]: Cactus Growth Modifier: 100%
[04:24:15] [Server thread/INFO]: Cane Growth Modifier: 100%
[04:24:15] [Server thread/INFO]: Melon Growth Modifier: 100%
[04:24:15] [Server thread/INFO]: Mushroom Growth Modifier: 100%
[04:24:15] [Server thread/INFO]: Pumpkin Growth Modifier: 100%
[04:24:15] [Server thread/INFO]: Sapling Growth Modifier: 100%
[04:24:15] [Server thread/INFO]: Beetroot Growth Modifier: 100%
[04:24:15] [Server thread/INFO]: Carrot Growth Modifier: 100%
[04:24:15] [Server thread/INFO]: Potato Growth Modifier: 100%
[04:24:15] [Server thread/INFO]: Wheat Growth Modifier: 100%
[04:24:15] [Server thread/INFO]: NetherWart Growth Modifier: 100%
[04:24:15] [Server thread/INFO]: Vine Growth Modifier: 100%
[04:24:15] [Server thread/INFO]: Cocoa Growth Modifier: 100%
[04:24:15] [Server thread/INFO]: Bamboo Growth Modifier: 100%
[04:24:15] [Server thread/INFO]: SweetBerry Growth Modifier: 100%
[04:24:15] [Server thread/INFO]: Kelp Growth Modifier: 100%
[04:24:15] [Server thread/INFO]: View Distance: 10
[04:24:15] [Server thread/INFO]: Allow Zombie Pigmen to spawn from portal blocks: true
[04:24:15] [Server thread/INFO]: Item Despawn Rate: 6000
[04:24:15] [Server thread/INFO]: Item Merge Radius: 2.5
[04:24:15] [Server thread/INFO]: Arrow Despawn Rate: 1200 Trident Respawn Rate:1200
[04:24:15] [Server thread/INFO]: Zombie Aggressive Towards Villager: true
[04:24:15] [Server thread/INFO]: Nerfing mobs spawned from spawners: false
[04:24:15] [Server thread/INFO]: -------- World Settings For [world_the_end] --------
[04:24:15] [Server thread/INFO]: Entity Activation Range: An 32 / Mo 32 / Ra 48 / Mi 16 / Tiv true
[04:24:15] [Server thread/INFO]: Entity Tracking Range: Pl 48 / An 48 / Mo 48 / Mi 32 / Other 64
[04:24:15] [Server thread/INFO]: Hopper Transfer: 8 Hopper Check: 1 Hopper Amount: 1
[04:24:15] [Server thread/INFO]: Custom Map Seeds:  Village: 10387312 Desert: 14357617 Igloo: 14357618 Jungle: 14357619 Swamp: 14357620 Monument: 10387313 Ocean: 14357621 Shipwreck: 165745295 End City: 10387313 Slime: 987234911
[04:24:15] [Server thread/INFO]: Max TNT Explosions: 100
[04:24:15] [Server thread/INFO]: Tile Max Tick Time: 50ms Entity max Tick Time: 50ms
[04:24:15] [Server thread/INFO]: Experience Merge Radius: 3.0
[04:24:15] [Server thread/INFO]: Mob Spawn Range: 6
[04:24:15] [Server thread/INFO]: Cactus Growth Modifier: 100%
[04:24:15] [Server thread/INFO]: Cane Growth Modifier: 100%
[04:24:15] [Server thread/INFO]: Melon Growth Modifier: 100%
[04:24:15] [Server thread/INFO]: Mushroom Growth Modifier: 100%
[04:24:15] [Server thread/INFO]: Pumpkin Growth Modifier: 100%
[04:24:15] [Server thread/INFO]: Sapling Growth Modifier: 100%
[04:24:15] [Server thread/INFO]: Beetroot Growth Modifier: 100%
[04:24:15] [Server thread/INFO]: Carrot Growth Modifier: 100%
[04:24:15] [Server thread/INFO]: Potato Growth Modifier: 100%
[04:24:15] [Server thread/INFO]: Wheat Growth Modifier: 100%
[04:24:15] [Server thread/INFO]: NetherWart Growth Modifier: 100%
[04:24:15] [Server thread/INFO]: Vine Growth Modifier: 100%
[04:24:15] [Server thread/INFO]: Cocoa Growth Modifier: 100%
[04:24:15] [Server thread/INFO]: Bamboo Growth Modifier: 100%
[04:24:15] [Server thread/INFO]: SweetBerry Growth Modifier: 100%
[04:24:15] [Server thread/INFO]: Kelp Growth Modifier: 100%
[04:24:15] [Server thread/INFO]: View Distance: 10
[04:24:15] [Server thread/INFO]: Allow Zombie Pigmen to spawn from portal blocks: true
[04:24:15] [Server thread/INFO]: Item Despawn Rate: 6000
[04:24:15] [Server thread/INFO]: Item Merge Radius: 2.5
[04:24:15] [Server thread/INFO]: Arrow Despawn Rate: 1200 Trident Respawn Rate:1200
[04:24:15] [Server thread/INFO]: Zombie Aggressive Towards Villager: true
[04:24:15] [Server thread/INFO]: Nerfing mobs spawned from spawners: false
[04:24:15] [Server thread/INFO]: Preparing start region for dimension 'world'/minecraft:overworld
[04:24:16] [Server thread/INFO]: Preparing spawn area: 0%
[04:24:16] [Server thread/INFO]: Preparing spawn area: 0%
[04:24:16] [Server thread/INFO]: Preparing spawn area: 0%
[04:24:16] [Server thread/INFO]: Preparing spawn area: 0%
[04:24:18] [Server-Worker-6/INFO]: Preparing spawn area: 0%
[04:24:18] [Server-Worker-1/INFO]: Preparing spawn area: 0%
[04:24:18] [Server-Worker-5/INFO]: Preparing spawn area: 0%
[04:24:18] [Server-Worker-6/INFO]: Preparing spawn area: 0%
[04:24:19] [Server-Worker-4/INFO]: Preparing spawn area: 78%
[04:24:19] [Server-Worker-3/INFO]: Preparing spawn area: 83%
[04:24:20] [Server-Worker-6/INFO]: Preparing spawn area: 83%
[04:24:20] [Server-Worker-4/INFO]: Preparing spawn area: 84%
[04:24:21] [Server thread/INFO]: Preparing spawn area: 89%
[04:24:21] [Server-Worker-5/INFO]: Preparing spawn area: 98%
[04:24:21] [Server thread/INFO]: Time elapsed: 6633 ms
[04:24:21] [Server thread/INFO]: Preparing start region for dimension 'world_nether'/minecraft:the_nether
[04:24:22] [Server thread/INFO]: Preparing spawn area: 0%
[04:24:22] [Server thread/INFO]: Preparing spawn area: 0%
[04:24:22] [Server-Worker-4/INFO]: Preparing spawn area: 83%
[04:24:23] [Server-Worker-3/INFO]: Preparing spawn area: 83%
[04:24:23] [Server-Worker-6/INFO]: Preparing spawn area: 84%
[04:24:24] [Server-Worker-6/INFO]: Preparing spawn area: 95%
[04:24:24] [Server thread/INFO]: Time elapsed: 2757 ms
[04:24:24] [Server thread/INFO]: Preparing start region for dimension 'world_the_end'/minecraft:the_end
[04:24:25] [Server thread/INFO]: Preparing spawn area: 0%
[04:24:25] [Server thread/INFO]: Preparing spawn area: 0%
[04:24:25] [Server-Worker-3/INFO]: Preparing spawn area: 83%
[04:24:26] [Server-Worker-3/INFO]: Preparing spawn area: 84%
[04:24:26] [Server thread/INFO]: Time elapsed: 1660 ms
[04:24:26] [Server thread/INFO]: [SheepWars] Enabling SheepWars v1.0.0
[04:24:26] [Server thread/ERROR]: [SheepWars]IS Enabled

[04:24:26] [Server thread/INFO]: Server permissions file permissions.yml is empty, ignoring it
[04:24:26] [Server thread/INFO]: Done (12.416s)! For help, type "help"
[04:27:23] [Thread-1/INFO]: Stopping server
